<?xml version="1.0" encoding="UTF-8"?>
<!-- Generated by org.testng.reporters.JUnitReportReporter -->
<testsuite hostname="LTIN509713" failures="0" tests="2" name="cucumberOptions.TestNgRunner" time="0.099" errors="0" timestamp="2024-11-04T12:51:57 IST" skipped="0">
  <testcase classname="cucumberOptions.TestNgRunner" name="runScenario" time="0.090"/>
  <system-out/>
  <testcase classname="cucumberOptions.TestNgRunner" name="runScenario" time="0.009"/>
  <system-out/>
</testsuite> <!-- cucumberOptions.TestNgRunner -->
